docker-compose -f docker-compose.yml build
docker-compose -f docker-compose.yml up -d

# Проверка синтаксиса YAML
yamllint .github/workflows/*.yml
[+] Building 65.3s (8/11)                           docker:default
 => [backend internal] load build definition from Dockerfile  0.0s
 => => transferring dockerfile: 977B                          0.0s
 => [backend internal] load metadata for docker.io/library/p  0.5s
 => [backend internal] load .dockerignore                     0.0s
 => => transferring context: 2B                               0.0s
 => [backend internal] load build context                     0.0s
 => => transferring context: 4.31kB                           0.0s
 => [backend builder 1/4] FROM docker.io/library/python:3.10  0.0s
 => CACHED [backend builder 2/4] WORKDIR /app                 0.0s
 => CACHED [backend builder 3/4] COPY requirements.txt .      0.0s
 => ERROR [backend builder 4/4] RUN apt-get update &&     a  64.6s
------
 > [backend builder 4/4] RUN apt-get update &&     apt-get install -y --no-install-recommends gcc python3-dev &&     pip install --user -r requirements.txt:
0.558 Get:1 http://deb.debian.org/debian bookworm InRelease [151 kB]
0.690 Get:2 http://deb.debian.org/debian bookworm-updates InRelease [55.4 kB]
0.738 Get:3 http://deb.debian.org/debian-security bookworm-security InRelease [48.0 kB]
0.897 Get:4 http://deb.debian.org/debian bookworm/main amd64 Packages [8793 kB]
2.169 Get:5 http://deb.debian.org/debian bookworm-updates/main amd64 Packages [512 B]
2.170 Get:6 http://deb.debian.org/debian-security bookworm-security/main amd64 Packages [259 kB]
4.575 Fetched 9307 kB in 4s (2245 kB/s)
4.575 Reading package lists...
6.558 Reading package lists...
8.549 Building dependency tree...
8.933 Reading state information...
9.938 The following additional packages will be installed:
9.938   binutils binutils-common binutils-x86-64-linux-gnu cpp cpp-12 gcc-12
9.940   gcc-12-base libasan8 libatomic1 libbinutils libc-dev-bin libc6-dev libcc1-0
9.940   libcrypt-dev libctf-nobfd0 libctf0 libexpat1 libexpat1-dev libgcc-12-dev
9.940   libgcc-s1 libgomp1 libgprofng0 libisl23 libitm1 libjansson4 libjs-jquery
9.941   libjs-sphinxdoc libjs-underscore liblsan0 libmpc3 libmpfr6 libnsl-dev
9.941   libpython3-dev libpython3-stdlib libpython3.11 libpython3.11-dev
9.942   libpython3.11-minimal libpython3.11-stdlib libquadmath0 libstdc++6
9.943   libtirpc-dev libtsan2 libubsan1 linux-libc-dev media-types python3
9.944   python3-distutils python3-lib2to3 python3-minimal python3.11 python3.11-dev
9.945   python3.11-minimal rpcsvc-proto zlib1g-dev
9.954 Suggested packages:
9.954   binutils-doc cpp-doc gcc-12-locales cpp-12-doc gcc-multilib make
9.954   manpages-dev autoconf automake libtool flex bison gdb gcc-doc
9.954   gcc-12-multilib gcc-12-doc glibc-doc python3-doc python3-tk python3-venv
9.954   python3.11-venv python3.11-doc binfmt-support
9.954 Recommended packages:
9.954   manpages manpages-dev libc-devtools javascript-common
11.13 The following NEW packages will be installed:
11.13   binutils binutils-common binutils-x86-64-linux-gnu cpp cpp-12 gcc gcc-12
11.13   libasan8 libatomic1 libbinutils libc-dev-bin libc6-dev libcc1-0 libcrypt-dev
11.13   libctf-nobfd0 libctf0 libexpat1 libexpat1-dev libgcc-12-dev libgomp1
11.13   libgprofng0 libisl23 libitm1 libjansson4 libjs-jquery libjs-sphinxdoc
11.13   libjs-underscore liblsan0 libmpc3 libmpfr6 libnsl-dev libpython3-dev
11.13   libpython3-stdlib libpython3.11 libpython3.11-dev libpython3.11-minimal
11.13   libpython3.11-stdlib libquadmath0 libtirpc-dev libtsan2 libubsan1
11.14   linux-libc-dev media-types python3 python3-dev python3-distutils
11.14   python3-lib2to3 python3-minimal python3.11 python3.11-dev python3.11-minimal
11.14   rpcsvc-proto zlib1g-dev
11.14 The following packages will be upgraded:
11.15   gcc-12-base libgcc-s1 libstdc++6
11.34 3 upgraded, 53 newly installed, 0 to remove and 12 not upgraded.
11.34 Need to get 65.9 MB of archives.
11.34 After this operation, 263 MB of additional disk space will be used.
11.34 Get:1 http://deb.debian.org/debian bookworm/main amd64 libpython3.11-minimal amd64 3.11.2-6+deb12u6 [817 kB]
11.60 Get:2 http://deb.debian.org/debian bookworm/main amd64 libexpat1 amd64 2.5.0-1+deb12u1 [98.9 kB]
11.61 Get:3 http://deb.debian.org/debian bookworm/main amd64 python3.11-minimal amd64 3.11.2-6+deb12u6 [2064 kB]
11.84 Get:4 http://deb.debian.org/debian bookworm/main amd64 python3-minimal amd64 3.11.2-1+b1 [26.3 kB]
11.84 Get:5 http://deb.debian.org/debian bookworm/main amd64 media-types all 10.0.0 [26.1 kB]
11.85 Get:6 http://deb.debian.org/debian bookworm/main amd64 libpython3.11-stdlib amd64 3.11.2-6+deb12u6 [1798 kB]
12.06 Get:7 http://deb.debian.org/debian bookworm/main amd64 python3.11 amd64 3.11.2-6+deb12u6 [573 kB]
12.12 Get:8 http://deb.debian.org/debian bookworm/main amd64 libpython3-stdlib amd64 3.11.2-1+b1 [9312 B]
12.12 Get:9 http://deb.debian.org/debian bookworm/main amd64 python3 amd64 3.11.2-1+b1 [26.3 kB]
12.12 Get:10 http://deb.debian.org/debian bookworm/main amd64 gcc-12-base amd64 12.2.0-14+deb12u1 [37.6 kB]
12.13 Get:11 http://deb.debian.org/debian bookworm/main amd64 libstdc++6 amd64 12.2.0-14+deb12u1 [613 kB]
12.20 Get:12 http://deb.debian.org/debian bookworm/main amd64 libgcc-s1 amd64 12.2.0-14+deb12u1 [49.9 kB]
12.20 Get:13 http://deb.debian.org/debian bookworm/main amd64 binutils-common amd64 2.40-2 [2487 kB]
12.52 Get:14 http://deb.debian.org/debian bookworm/main amd64 libbinutils amd64 2.40-2 [572 kB]
12.71 Get:15 http://deb.debian.org/debian bookworm/main amd64 libctf-nobfd0 amd64 2.40-2 [153 kB]
12.73 Get:16 http://deb.debian.org/debian bookworm/main amd64 libctf0 amd64 2.40-2 [89.8 kB]
12.75 Get:17 http://deb.debian.org/debian bookworm/main amd64 libgprofng0 amd64 2.40-2 [812 kB]
12.87 Get:18 http://deb.debian.org/debian bookworm/main amd64 libjansson4 amd64 2.14-2 [40.8 kB]
12.88 Get:19 http://deb.debian.org/debian bookworm/main amd64 binutils-x86-64-linux-gnu amd64 2.40-2 [2246 kB]
13.20 Get:20 http://deb.debian.org/debian bookworm/main amd64 binutils amd64 2.40-2 [65.0 kB]
13.21 Get:21 http://deb.debian.org/debian bookworm/main amd64 libisl23 amd64 0.25-1.1 [683 kB]
13.30 Get:22 http://deb.debian.org/debian bookworm/main amd64 libmpfr6 amd64 4.2.0-1 [701 kB]
13.40 Get:23 http://deb.debian.org/debian bookworm/main amd64 libmpc3 amd64 1.3.1-1 [51.5 kB]
13.47 Get:24 http://deb.debian.org/debian bookworm/main amd64 cpp-12 amd64 12.2.0-14+deb12u1 [9768 kB]
15.66 Get:25 http://deb.debian.org/debian bookworm/main amd64 cpp amd64 4:12.2.0-3 [6836 B]
15.66 Get:26 http://deb.debian.org/debian bookworm/main amd64 libcc1-0 amd64 12.2.0-14+deb12u1 [41.7 kB]
15.66 Get:27 http://deb.debian.org/debian bookworm/main amd64 libgomp1 amd64 12.2.0-14+deb12u1 [116 kB]
15.71 Get:28 http://deb.debian.org/debian bookworm/main amd64 libitm1 amd64 12.2.0-14+deb12u1 [26.1 kB]
15.71 Get:29 http://deb.debian.org/debian bookworm/main amd64 libatomic1 amd64 12.2.0-14+deb12u1 [9376 B]
15.71 Get:30 http://deb.debian.org/debian bookworm/main amd64 libasan8 amd64 12.2.0-14+deb12u1 [2193 kB]
16.36 Get:31 http://deb.debian.org/debian bookworm/main amd64 liblsan0 amd64 12.2.0-14+deb12u1 [969 kB]
16.95 Get:32 http://deb.debian.org/debian bookworm/main amd64 libtsan2 amd64 12.2.0-14+deb12u1 [2197 kB]
18.45 Get:33 http://deb.debian.org/debian bookworm/main amd64 libubsan1 amd64 12.2.0-14+deb12u1 [883 kB]
19.08 Get:34 http://deb.debian.org/debian bookworm/main amd64 libquadmath0 amd64 12.2.0-14+deb12u1 [145 kB]
19.20 Get:35 http://deb.debian.org/debian bookworm/main amd64 libgcc-12-dev amd64 12.2.0-14+deb12u1 [2437 kB]
20.98 Get:36 http://deb.debian.org/debian bookworm/main amd64 gcc-12 amd64 12.2.0-14+deb12u1 [19.3 MB]
32.34 Get:37 http://deb.debian.org/debian bookworm/main amd64 gcc amd64 4:12.2.0-3 [5216 B]
32.34 Get:38 http://deb.debian.org/debian bookworm/main amd64 libc-dev-bin amd64 2.36-9+deb12u10 [47.1 kB]
32.34 Get:39 http://deb.debian.org/debian bookworm/main amd64 linux-libc-dev amd64 6.1.137-1 [2139 kB]
33.27 Get:40 http://deb.debian.org/debian bookworm/main amd64 libcrypt-dev amd64 1:4.4.33-2 [118 kB]
33.31 Get:41 http://deb.debian.org/debian bookworm/main amd64 libtirpc-dev amd64 1.3.3+ds-1 [191 kB]
33.39 Get:42 http://deb.debian.org/debian bookworm/main amd64 libnsl-dev amd64 1.3.0-2 [66.4 kB]
33.41 Get:43 http://deb.debian.org/debian bookworm/main amd64 rpcsvc-proto amd64 1.4.3-1 [63.3 kB]
33.47 Get:44 http://deb.debian.org/debian bookworm/main amd64 libc6-dev amd64 2.36-9+deb12u10 [1903 kB]
34.39 Get:45 http://deb.debian.org/debian bookworm/main amd64 libexpat1-dev amd64 2.5.0-1+deb12u1 [150 kB]
34.47 Get:46 http://deb.debian.org/debian bookworm/main amd64 libjs-jquery all 3.6.1+dfsg+~3.5.14-1 [326 kB]
34.66 Get:47 http://deb.debian.org/debian bookworm/main amd64 libjs-underscore all 1.13.4~dfsg+~1.11.4-3 [116 kB]
34.76 Get:48 http://deb.debian.org/debian bookworm/main amd64 libjs-sphinxdoc all 5.3.0-4 [130 kB]
34.93 Get:49 http://deb.debian.org/debian bookworm/main amd64 libpython3.11 amd64 3.11.2-6+deb12u6 [1987 kB]
35.74 Get:50 http://deb.debian.org/debian bookworm/main amd64 zlib1g-dev amd64 1:1.2.13.dfsg-1 [916 kB]
35.94 Get:51 http://deb.debian.org/debian bookworm/main amd64 libpython3.11-dev amd64 3.11.2-6+deb12u6 [4742 kB]
36.55 Get:52 http://deb.debian.org/debian bookworm/main amd64 libpython3-dev amd64 3.11.2-1+b1 [9572 B]
36.55 Get:53 http://deb.debian.org/debian bookworm/main amd64 python3.11-dev amd64 3.11.2-6+deb12u6 [615 kB]
36.64 Get:54 http://deb.debian.org/debian bookworm/main amd64 python3-lib2to3 all 3.11.2-3 [76.3 kB]
36.68 Get:55 http://deb.debian.org/debian bookworm/main amd64 python3-distutils all 3.11.2-3 [131 kB]
36.84 Get:56 http://deb.debian.org/debian bookworm/main amd64 python3-dev amd64 3.11.2-1+b1 [26.2 kB]
37.33 debconf: delaying package configuration, since apt-utils is not installed
37.45 Fetched 65.9 MB in 26s (2568 kB/s)
37.51 Selecting previously unselected package libpython3.11-minimal:amd64.
(Reading database ... 6688 files and directories currently installed.)
37.52 Preparing to unpack .../libpython3.11-minimal_3.11.2-6+deb12u6_amd64.deb ...
37.53 Unpacking libpython3.11-minimal:amd64 (3.11.2-6+deb12u6) ...
37.74 Selecting previously unselected package libexpat1:amd64.
37.74 Preparing to unpack .../libexpat1_2.5.0-1+deb12u1_amd64.deb ...
37.75 Unpacking libexpat1:amd64 (2.5.0-1+deb12u1) ...
37.81 Selecting previously unselected package python3.11-minimal.
37.81 Preparing to unpack .../python3.11-minimal_3.11.2-6+deb12u6_amd64.deb ...
37.82 Unpacking python3.11-minimal (3.11.2-6+deb12u6) ...
38.20 Setting up libpython3.11-minimal:amd64 (3.11.2-6+deb12u6) ...
38.22 Setting up libexpat1:amd64 (2.5.0-1+deb12u1) ...
38.23 Setting up python3.11-minimal (3.11.2-6+deb12u6) ...
40.72 Selecting previously unselected package python3-minimal.
(Reading database ... 7004 files and directories currently installed.)
40.73 Preparing to unpack .../python3-minimal_3.11.2-1+b1_amd64.deb ...
40.74 Unpacking python3-minimal (3.11.2-1+b1) ...
40.79 Selecting previously unselected package media-types.
40.79 Preparing to unpack .../media-types_10.0.0_all.deb ...
40.79 Unpacking media-types (10.0.0) ...
40.84 Selecting previously unselected package libpython3.11-stdlib:amd64.
40.84 Preparing to unpack .../libpython3.11-stdlib_3.11.2-6+deb12u6_amd64.deb ...
40.85 Unpacking libpython3.11-stdlib:amd64 (3.11.2-6+deb12u6) ...
41.17 Selecting previously unselected package python3.11.
41.18 Preparing to unpack .../python3.11_3.11.2-6+deb12u6_amd64.deb ...
41.18 Unpacking python3.11 (3.11.2-6+deb12u6) ...
41.26 Selecting previously unselected package libpython3-stdlib:amd64.
41.26 Preparing to unpack .../libpython3-stdlib_3.11.2-1+b1_amd64.deb ...
41.26 Unpacking libpython3-stdlib:amd64 (3.11.2-1+b1) ...
41.32 Setting up python3-minimal (3.11.2-1+b1) ...
41.79 Selecting previously unselected package python3.
(Reading database ... 7414 files and directories currently installed.)
41.81 Preparing to unpack .../python3_3.11.2-1+b1_amd64.deb ...
41.82 Unpacking python3 (3.11.2-1+b1) ...
41.88 Preparing to unpack .../gcc-12-base_12.2.0-14+deb12u1_amd64.deb ...
41.89 Unpacking gcc-12-base:amd64 (12.2.0-14+deb12u1) over (12.2.0-14) ...
41.95 Setting up gcc-12-base:amd64 (12.2.0-14+deb12u1) ...
(Reading database ... 7436 files and directories currently installed.)
42.03 Preparing to unpack .../libstdc++6_12.2.0-14+deb12u1_amd64.deb ...
42.08 Unpacking libstdc++6:amd64 (12.2.0-14+deb12u1) over (12.2.0-14) ...
42.28 Setting up libstdc++6:amd64 (12.2.0-14+deb12u1) ...
(Reading database ... 7436 files and directories currently installed.)
42.35 Preparing to unpack .../libgcc-s1_12.2.0-14+deb12u1_amd64.deb ...
42.36 Unpacking libgcc-s1:amd64 (12.2.0-14+deb12u1) over (12.2.0-14) ...
42.43 Setting up libgcc-s1:amd64 (12.2.0-14+deb12u1) ...
42.48 Selecting previously unselected package binutils-common:amd64.
(Reading database ... 7436 files and directories currently installed.)
42.50 Preparing to unpack .../00-binutils-common_2.40-2_amd64.deb ...
42.50 Unpacking binutils-common:amd64 (2.40-2) ...
42.93 Selecting previously unselected package libbinutils:amd64.
42.94 Preparing to unpack .../01-libbinutils_2.40-2_amd64.deb ...
42.94 Unpacking libbinutils:amd64 (2.40-2) ...
43.09 Selecting previously unselected package libctf-nobfd0:amd64.
43.09 Preparing to unpack .../02-libctf-nobfd0_2.40-2_amd64.deb ...
43.10 Unpacking libctf-nobfd0:amd64 (2.40-2) ...
43.17 Selecting previously unselected package libctf0:amd64.
43.17 Preparing to unpack .../03-libctf0_2.40-2_amd64.deb ...
43.17 Unpacking libctf0:amd64 (2.40-2) ...
43.23 Selecting previously unselected package libgprofng0:amd64.
43.23 Preparing to unpack .../04-libgprofng0_2.40-2_amd64.deb ...
43.24 Unpacking libgprofng0:amd64 (2.40-2) ...
43.42 Selecting previously unselected package libjansson4:amd64.
43.42 Preparing to unpack .../05-libjansson4_2.14-2_amd64.deb ...
43.43 Unpacking libjansson4:amd64 (2.14-2) ...
43.48 Selecting previously unselected package binutils-x86-64-linux-gnu.
43.48 Preparing to unpack .../06-binutils-x86-64-linux-gnu_2.40-2_amd64.deb ...
43.48 Unpacking binutils-x86-64-linux-gnu (2.40-2) ...
43.91 Selecting previously unselected package binutils.
43.91 Preparing to unpack .../07-binutils_2.40-2_amd64.deb ...
43.91 Unpacking binutils (2.40-2) ...
43.98 Selecting previously unselected package libisl23:amd64.
43.98 Preparing to unpack .../08-libisl23_0.25-1.1_amd64.deb ...
43.98 Unpacking libisl23:amd64 (0.25-1.1) ...
44.14 Selecting previously unselected package libmpfr6:amd64.
44.15 Preparing to unpack .../09-libmpfr6_4.2.0-1_amd64.deb ...
44.15 Unpacking libmpfr6:amd64 (4.2.0-1) ...
44.26 Selecting previously unselected package libmpc3:amd64.
44.27 Preparing to unpack .../10-libmpc3_1.3.1-1_amd64.deb ...
44.27 Unpacking libmpc3:amd64 (1.3.1-1) ...
44.32 Selecting previously unselected package cpp-12.
44.33 Preparing to unpack .../11-cpp-12_12.2.0-14+deb12u1_amd64.deb ...
44.33 Unpacking cpp-12 (12.2.0-14+deb12u1) ...
45.56 Selecting previously unselected package cpp.
45.56 Preparing to unpack .../12-cpp_4%3a12.2.0-3_amd64.deb ...
45.57 Unpacking cpp (4:12.2.0-3) ...
45.62 Selecting previously unselected package libcc1-0:amd64.
45.62 Preparing to unpack .../13-libcc1-0_12.2.0-14+deb12u1_amd64.deb ...
45.63 Unpacking libcc1-0:amd64 (12.2.0-14+deb12u1) ...
45.68 Selecting previously unselected package libgomp1:amd64.
45.69 Preparing to unpack .../14-libgomp1_12.2.0-14+deb12u1_amd64.deb ...
45.69 Unpacking libgomp1:amd64 (12.2.0-14+deb12u1) ...
45.76 Selecting previously unselected package libitm1:amd64.
45.76 Preparing to unpack .../15-libitm1_12.2.0-14+deb12u1_amd64.deb ...
45.76 Unpacking libitm1:amd64 (12.2.0-14+deb12u1) ...
45.81 Selecting previously unselected package libatomic1:amd64.
45.82 Preparing to unpack .../16-libatomic1_12.2.0-14+deb12u1_amd64.deb ...
45.82 Unpacking libatomic1:amd64 (12.2.0-14+deb12u1) ...
45.87 Selecting previously unselected package libasan8:amd64.
45.88 Preparing to unpack .../17-libasan8_12.2.0-14+deb12u1_amd64.deb ...
45.88 Unpacking libasan8:amd64 (12.2.0-14+deb12u1) ...
46.27 Selecting previously unselected package liblsan0:amd64.
46.27 Preparing to unpack .../18-liblsan0_12.2.0-14+deb12u1_amd64.deb ...
46.28 Unpacking liblsan0:amd64 (12.2.0-14+deb12u1) ...
46.48 Selecting previously unselected package libtsan2:amd64.
46.48 Preparing to unpack .../19-libtsan2_12.2.0-14+deb12u1_amd64.deb ...
46.48 Unpacking libtsan2:amd64 (12.2.0-14+deb12u1) ...
46.87 Selecting previously unselected package libubsan1:amd64.
46.87 Preparing to unpack .../20-libubsan1_12.2.0-14+deb12u1_amd64.deb ...
46.88 Unpacking libubsan1:amd64 (12.2.0-14+deb12u1) ...
47.07 Selecting previously unselected package libquadmath0:amd64.
47.07 Preparing to unpack .../21-libquadmath0_12.2.0-14+deb12u1_amd64.deb ...
47.08 Unpacking libquadmath0:amd64 (12.2.0-14+deb12u1) ...
47.14 Selecting previously unselected package libgcc-12-dev:amd64.
47.14 Preparing to unpack .../22-libgcc-12-dev_12.2.0-14+deb12u1_amd64.deb ...
47.14 Unpacking libgcc-12-dev:amd64 (12.2.0-14+deb12u1) ...
47.52 Selecting previously unselected package gcc-12.
47.52 Preparing to unpack .../23-gcc-12_12.2.0-14+deb12u1_amd64.deb ...
47.53 Unpacking gcc-12 (12.2.0-14+deb12u1) ...
48.98 Selecting previously unselected package gcc.
48.98 Preparing to unpack .../24-gcc_4%3a12.2.0-3_amd64.deb ...
48.99 Unpacking gcc (4:12.2.0-3) ...
49.04 Selecting previously unselected package libc-dev-bin.
49.04 Preparing to unpack .../25-libc-dev-bin_2.36-9+deb12u10_amd64.deb ...
49.05 Unpacking libc-dev-bin (2.36-9+deb12u10) ...
49.10 Selecting previously unselected package linux-libc-dev:amd64.
49.11 Preparing to unpack .../26-linux-libc-dev_6.1.137-1_amd64.deb ...
49.11 Unpacking linux-libc-dev:amd64 (6.1.137-1) ...
49.54 Selecting previously unselected package libcrypt-dev:amd64.
49.55 Preparing to unpack .../27-libcrypt-dev_1%3a4.4.33-2_amd64.deb ...
49.57 Unpacking libcrypt-dev:amd64 (1:4.4.33-2) ...
49.63 Selecting previously unselected package libtirpc-dev:amd64.
49.63 Preparing to unpack .../28-libtirpc-dev_1.3.3+ds-1_amd64.deb ...
49.64 Unpacking libtirpc-dev:amd64 (1.3.3+ds-1) ...
49.71 Selecting previously unselected package libnsl-dev:amd64.
49.71 Preparing to unpack .../29-libnsl-dev_1.3.0-2_amd64.deb ...
49.72 Unpacking libnsl-dev:amd64 (1.3.0-2) ...
49.77 Selecting previously unselected package rpcsvc-proto.
49.78 Preparing to unpack .../30-rpcsvc-proto_1.4.3-1_amd64.deb ...
49.78 Unpacking rpcsvc-proto (1.4.3-1) ...
49.85 Selecting previously unselected package libc6-dev:amd64.
49.85 Preparing to unpack .../31-libc6-dev_2.36-9+deb12u10_amd64.deb ...
49.86 Unpacking libc6-dev:amd64 (2.36-9+deb12u10) ...
50.23 Selecting previously unselected package libexpat1-dev:amd64.
50.23 Preparing to unpack .../32-libexpat1-dev_2.5.0-1+deb12u1_amd64.deb ...
50.23 Unpacking libexpat1-dev:amd64 (2.5.0-1+deb12u1) ...
50.31 Selecting previously unselected package libjs-jquery.
50.31 Preparing to unpack .../33-libjs-jquery_3.6.1+dfsg+~3.5.14-1_all.deb ...
50.33 Unpacking libjs-jquery (3.6.1+dfsg+~3.5.14-1) ...
50.42 Selecting previously unselected package libjs-underscore.
50.43 Preparing to unpack .../34-libjs-underscore_1.13.4~dfsg+~1.11.4-3_all.deb ...
50.43 Unpacking libjs-underscore (1.13.4~dfsg+~1.11.4-3) ...
50.49 Selecting previously unselected package libjs-sphinxdoc.
50.49 Preparing to unpack .../35-libjs-sphinxdoc_5.3.0-4_all.deb ...
50.50 Unpacking libjs-sphinxdoc (5.3.0-4) ...
50.58 Selecting previously unselected package libpython3.11:amd64.
50.58 Preparing to unpack .../36-libpython3.11_3.11.2-6+deb12u6_amd64.deb ...
50.58 Unpacking libpython3.11:amd64 (3.11.2-6+deb12u6) ...
50.93 Selecting previously unselected package zlib1g-dev:amd64.
50.93 Preparing to unpack .../37-zlib1g-dev_1%3a1.2.13.dfsg-1_amd64.deb ...
50.94 Unpacking zlib1g-dev:amd64 (1:1.2.13.dfsg-1) ...
51.02 Selecting previously unselected package libpython3.11-dev:amd64.
51.03 Preparing to unpack .../38-libpython3.11-dev_3.11.2-6+deb12u6_amd64.deb ...
51.03 Unpacking libpython3.11-dev:amd64 (3.11.2-6+deb12u6) ...
51.85 Selecting previously unselected package libpython3-dev:amd64.
51.85 Preparing to unpack .../39-libpython3-dev_3.11.2-1+b1_amd64.deb ...
51.86 Unpacking libpython3-dev:amd64 (3.11.2-1+b1) ...
51.93 Selecting previously unselected package python3.11-dev.
51.94 Preparing to unpack .../40-python3.11-dev_3.11.2-6+deb12u6_amd64.deb ...
51.95 Unpacking python3.11-dev (3.11.2-6+deb12u6) ...
52.04 Selecting previously unselected package python3-lib2to3.
52.04 Preparing to unpack .../41-python3-lib2to3_3.11.2-3_all.deb ...
52.05 Unpacking python3-lib2to3 (3.11.2-3) ...
52.15 Selecting previously unselected package python3-distutils.
52.16 Preparing to unpack .../42-python3-distutils_3.11.2-3_all.deb ...
52.17 Unpacking python3-distutils (3.11.2-3) ...
52.26 Selecting previously unselected package python3-dev.
52.26 Preparing to unpack .../43-python3-dev_3.11.2-1+b1_amd64.deb ...
52.27 Unpacking python3-dev (3.11.2-1+b1) ...
52.36 Setting up media-types (10.0.0) ...
52.40 Setting up libpython3.11-stdlib:amd64 (3.11.2-6+deb12u6) ...
52.42 Setting up binutils-common:amd64 (2.40-2) ...
52.45 Setting up linux-libc-dev:amd64 (6.1.137-1) ...
52.48 Setting up libctf-nobfd0:amd64 (2.40-2) ...
52.50 Setting up libgomp1:amd64 (12.2.0-14+deb12u1) ...
52.52 Setting up libjansson4:amd64 (2.14-2) ...
52.55 Setting up libtirpc-dev:amd64 (1.3.3+ds-1) ...
52.57 Setting up rpcsvc-proto (1.4.3-1) ...
52.59 Setting up libmpfr6:amd64 (4.2.0-1) ...
52.62 Setting up libquadmath0:amd64 (12.2.0-14+deb12u1) ...
52.64 Setting up libmpc3:amd64 (1.3.1-1) ...
52.65 Setting up libatomic1:amd64 (12.2.0-14+deb12u1) ...
52.66 Setting up libubsan1:amd64 (12.2.0-14+deb12u1) ...
52.67 Setting up libnsl-dev:amd64 (1.3.0-2) ...
52.74 Setting up libcrypt-dev:amd64 (1:4.4.33-2) ...
52.77 Setting up libasan8:amd64 (12.2.0-14+deb12u1) ...
52.78 Setting up libtsan2:amd64 (12.2.0-14+deb12u1) ...
52.79 Setting up libjs-jquery (3.6.1+dfsg+~3.5.14-1) ...
52.82 Setting up libbinutils:amd64 (2.40-2) ...
52.83 Setting up libisl23:amd64 (0.25-1.1) ...
52.84 Setting up libc-dev-bin (2.36-9+deb12u10) ...
52.85 Setting up libcc1-0:amd64 (12.2.0-14+deb12u1) ...
52.86 Setting up liblsan0:amd64 (12.2.0-14+deb12u1) ...
52.87 Setting up libitm1:amd64 (12.2.0-14+deb12u1) ...
52.88 Setting up libpython3-stdlib:amd64 (3.11.2-1+b1) ...
52.89 Setting up libjs-underscore (1.13.4~dfsg+~1.11.4-3) ...
52.90 Setting up libctf0:amd64 (2.40-2) ...
52.92 Setting up python3.11 (3.11.2-6+deb12u6) ...
55.53 Setting up cpp-12 (12.2.0-14+deb12u1) ...
55.54 Setting up libpython3.11:amd64 (3.11.2-6+deb12u6) ...
55.56 Setting up python3 (3.11.2-1+b1) ...
55.58 running python rtupdate hooks for python3.11...
55.58 running python post-rtupdate hooks for python3.11...
55.86 Setting up libgprofng0:amd64 (2.40-2) ...
55.87 Setting up libgcc-12-dev:amd64 (12.2.0-14+deb12u1) ...
55.88 Setting up libjs-sphinxdoc (5.3.0-4) ...
55.89 Setting up cpp (4:12.2.0-3) ...
55.92 Setting up libc6-dev:amd64 (2.36-9+deb12u10) ...
55.93 Setting up python3-lib2to3 (3.11.2-3) ...
56.28 Setting up binutils-x86-64-linux-gnu (2.40-2) ...
56.30 Setting up python3-distutils (3.11.2-3) ...
56.71 Setting up binutils (2.40-2) ...
56.72 Setting up libexpat1-dev:amd64 (2.5.0-1+deb12u1) ...
56.73 Setting up gcc-12 (12.2.0-14+deb12u1) ...
56.74 Setting up zlib1g-dev:amd64 (1:1.2.13.dfsg-1) ...
56.75 Setting up gcc (4:12.2.0-3) ...
56.79 Setting up libpython3.11-dev:amd64 (3.11.2-6+deb12u6) ...
56.80 Setting up libpython3-dev:amd64 (3.11.2-1+b1) ...
56.81 Setting up python3.11-dev (3.11.2-6+deb12u6) ...
56.82 Setting up python3-dev (3.11.2-1+b1) ...
56.84 Processing triggers for libc-bin (2.36-9+deb12u10) ...
62.73 ERROR: Exception:
62.73 Traceback (most recent call last):
62.73   File "/usr/local/lib/python3.10/site-packages/pip/_vendor/packaging/markers.py", line 278, in __init__
62.73     self._markers = _coerce_parse_result(MARKER.parseString(marker))
62.73   File "/usr/local/lib/python3.10/site-packages/pip/_vendor/pyparsing/core.py", line 1141, in parse_string
62.73     raise exc.with_traceback(None)
62.73 pip._vendor.pyparsing.exceptions.ParseException: Expected string_end, found '&'  (at char 24), (line:1, col:25)
62.73
62.73 During handling of the above exception, another exception occurred:
62.73
62.73 Traceback (most recent call last):
62.73   File "/usr/local/lib/python3.10/site-packages/pip/_internal/cli/base_command.py", line 160, in exc_logging_wrapper
62.73     status = run_func(*args)
62.73   File "/usr/local/lib/python3.10/site-packages/pip/_internal/cli/req_command.py", line 247, in wrapper
62.73     return func(self, options, args)
62.73   File "/usr/local/lib/python3.10/site-packages/pip/_internal/commands/install.py", line 363, in run
62.73     reqs = self.get_requirements(args, options, finder, session)
62.73   File "/usr/local/lib/python3.10/site-packages/pip/_internal/cli/req_command.py", line 436, in get_requirements
62.73     req_to_add = install_req_from_parsed_requirement(
62.73   File "/usr/local/lib/python3.10/site-packages/pip/_internal/req/constructors.py", line 471, in install_req_from_parsed_requirement
62.73     req = install_req_from_line(
62.73   File "/usr/local/lib/python3.10/site-packages/pip/_internal/req/constructors.py", line 393, in install_req_from_line
62.73     parts = parse_req_from_line(name, line_source)
62.73   File "/usr/local/lib/python3.10/site-packages/pip/_internal/req/constructors.py", line 297, in parse_req_from_line
62.73     markers = Marker(markers_as_string)
62.73   File "/usr/local/lib/python3.10/site-packages/pip/_vendor/packaging/markers.py", line 280, in __init__
62.73     raise InvalidMarker(
62.73 pip._vendor.packaging.markers.InvalidMarker: Invalid marker: "sys_platform == 'win32' && platform_system == 'Windows'", parse error at '&& platf'
63.37
63.37 [notice] A new release of pip is available: 23.0.1 -> 25.1.1
63.37 [notice] To update, run: pip install --upgrade pip
------
failed to solve: process "/bin/sh -c apt-get update &&     apt-get install -y --no-install-recommends gcc python3-dev &&     pip install --user -r requirements.txt" did not complete successfully: exit code: 2
[+] Building 91.5s (12/15)                          docker:default
 => [frontend internal] load build definition from Dockerfil  0.0s
 => => transferring dockerfile: 480B                          0.0s
 => [frontend internal] load metadata for docker.io/library/  0.6s
 => [frontend internal] load metadata for docker.io/library/  0.6s
 => [frontend internal] load .dockerignore                    0.0s
 => => transferring context: 2B                               0.0s
 => [frontend build 1/6] FROM docker.io/library/node:18@sha  75.2s
 => => resolve docker.io/library/node:18@sha256:867be01f97d4  0.0s
 => => sha256:867be01f97d45cb7d89a8ef0b328d2 6.41kB / 6.41kB  0.0s
 => => sha256:a0ee20d21ff7e3199f16644fd076ef 2.49kB / 2.49kB  0.0s
 => => sha256:cf05a52c02353f0b2b6f9be0549a 48.49MB / 48.49MB  9.1s
 => => sha256:63964a8518f54dc31f8df89d7f06 24.01MB / 24.01MB  9.6s
 => => sha256:e56a6e3bc5724c51df0a1ad86c6e38 6.39kB / 6.39kB  0.0s
 => => sha256:ca513cad200b13ead2c74549845 64.39MB / 64.39MB  17.5s
 => => sha256:c187b51b626e1d60ab369727b 211.36MB / 211.36MB  38.4s
 => => extracting sha256:cf05a52c02353f0b2b6f9be0549ac916c3f  7.3s
 => => sha256:68b421cb119c75992bb4a52f93da19 3.32kB / 3.32kB  9.8s
 => => sha256:bf3cd053bbe4b167d7cef55cc32 45.68MB / 45.68MB  24.4s
 => => extracting sha256:63964a8518f54dc31f8df89d7f06714c7a7  2.6s
 => => sha256:e1dbe5f455cde9503d18d04e9a2c6 1.25MB / 1.25MB  18.1s
 => => sha256:a63cf41c258c6ef4426dea1e73a875cfc 447B / 447B  18.3s
 => => extracting sha256:ca513cad200b13ead2c745498459eed58a  10.0s
 => => extracting sha256:c187b51b626e1d60ab369727b81f440ade  27.8s
 => => extracting sha256:68b421cb119c75992bb4a52f93da195c7f1  0.0s
 => => extracting sha256:bf3cd053bbe4b167d7cef55cc32347e55dd  7.7s
 => => extracting sha256:e1dbe5f455cde9503d18d04e9a2c641b5af  0.2s
 => => extracting sha256:a63cf41c258c6ef4426dea1e73a875cfc00  0.0s
 => [frontend stage-1 1/4] FROM docker.io/library/nginx:alp  32.3s
 => => resolve docker.io/library/nginx:alpine@sha256:65645c7  0.0s
 => => sha256:65645c7bb6a0661892a8b03b89d0 10.33kB / 10.33kB  0.0s
 => => sha256:62223d644fa234c3a1cc785ee14242 2.50kB / 2.50kB  0.0s
 => => sha256:6769dc3a703c719c1d2756bda113 10.79kB / 10.79kB  0.0s
 => => sha256:f18232174bc91741fdf3da96d8501 3.64MB / 3.64MB  21.5s
 => => extracting sha256:f18232174bc91741fdf3da96d8501109210  0.5s
 => => sha256:61ca4f733c802afd9e05a32f0de03 1.79MB / 1.79MB  22.9s
 => => extracting sha256:61ca4f733c802afd9e05a32f0de0361b6d7  0.5s
 => => sha256:b464cfdf2a6319875aeb27359ec549790 629B / 629B  23.2s
 => => sha256:d7e5070240863957ebb0b5a44a5729963 955B / 955B  23.4s
 => => sha256:81bd8ed7ec6789b0cb7f1b47ee731c522 402B / 402B  23.6s
 => => extracting sha256:b464cfdf2a6319875aeb27359ec549790ce  0.0s
 => => extracting sha256:d7e5070240863957ebb0b5a44a5729963c3  0.0s
 => => extracting sha256:81bd8ed7ec6789b0cb7f1b47ee731c522f6  0.0s
 => => sha256:197eb75867ef4fcecd4724f17b097 1.21kB / 1.21kB  23.9s
 => => extracting sha256:197eb75867ef4fcecd4724f17b0972ab048  0.0s
 => => sha256:34a64644b756511a2e217f0508e11 1.40kB / 1.40kB  24.3s
 => => extracting sha256:34a64644b756511a2e217f0508e11d1a572  0.0s
 => => sha256:39c2ddfd6010082a4a646e7ca44 15.52MB / 15.52MB  30.2s
 => => extracting sha256:39c2ddfd6010082a4a646e7ca44e95aca9b  1.8s
 => [frontend internal] load build context                    0.4s
 => => transferring context: 317.08kB                         0.4s
 => [frontend build 2/6] WORKDIR /app                         0.4s
 => [frontend build 3/6] COPY package*.json ./                0.1s
 => [frontend build 4/6] RUN npm ci                           9.7s
 => [frontend build 5/6] COPY . .                             3.0s
 => ERROR [frontend build 6/6] RUN npm run build              2.3s
------
 > [frontend build 6/6] RUN npm run build:
0.833
0.833 > build
0.833 > vite build
0.833
1.510 The CJS build of Vite's Node API is deprecated. See https://vite.dev/guide/troubleshooting.html#vite-cjs-node-api-deprecated for more details.
1.796 vite v6.3.5 building for production...
2.169 transforming...
2.243 ✓ 3 modules transformed.
2.249 ✗ Build failed in 340ms
2.249 error during build:
2.249 Could not resolve "./App.vue" from "src/main.js"
2.249 file: /app/src/main.js
2.249     at getRollupError (file:///app/node_modules/rollup/dist/es/shared/parseAst.js:397:41)
2.249     at error (file:///app/node_modules/rollup/dist/es/shared/parseAst.js:393:42)
2.249     at ModuleLoader.handleInvalidResolvedId (file:///app/node_modules/rollup/dist/es/shared/node-entry.js:21350:24)
2.249     at file:///app/node_modules/rollup/dist/es/shared/node-entry.js:21310:26
------
failed to solve: process "/bin/sh -c npm run build" did not complete successfully: exit code: 1
bash: yamllint: команда не найдена
makar@makar:~/Programming/serverTxt$